<?xml version="1.0" encoding="UTF-8"?>
<testsuite name="Consulta de posts en aplicativo web" tests="1" skipped="0" failures="0" errors="0" timestamp="2021-10-23T18:04:45" hostname="DESKTOP-P44GADF" time="0.661">
  <properties/>
  <testcase name="Consultar un post proporcionando el id del mismo" classname="Consulta de posts en aplicativo web" time="0.661"/>
  <system-out><![CDATA[]]></system-out>
  <system-err><![CDATA[]]></system-err>
</testsuite>
